[      87ms] [WARNING] Module "buffer" has been externalized for browser compatibility. Cannot access "buffer.Buffer" in client code. See https://vite.dev/guide/troubleshooting.html#module-externalized-for-browser-compatibility for more details. @ http://localhost:5174/node_modules/.vite/deps/chunk-4JDALLM7.js?v=e3f71bb4:1791
[     113ms] [WARNING] WebSocket connection to 'ws://localhost:3001/ws' failed: WebSocket is closed before the connection is established. @ http://localhost:5174/routes/Arena.tsx?t=1770715799310:367
[     123ms] [WARNING] WebSocket connection to 'ws://localhost:3001/ws' failed: WebSocket is closed before the connection is established. @ http://localhost:5174/routes/Arena.tsx?t=1770715799310:367
[  103078ms] [WARNING] Module "buffer" has been externalized for browser compatibility. Cannot access "buffer.Buffer" in client code. See https://vite.dev/guide/troubleshooting.html#module-externalized-for-browser-compatibility for more details. @ http://localhost:5174/node_modules/.vite/deps/chunk-4JDALLM7.js?v=e3f71bb4:1791
[  103104ms] [WARNING] WebSocket connection to 'ws://localhost:3001/ws' failed: WebSocket is closed before the connection is established. @ http://localhost:5174/routes/Arena.tsx?t=1770715799310:367
[  103112ms] [WARNING] WebSocket connection to 'ws://localhost:3001/ws' failed: WebSocket is closed before the connection is established. @ http://localhost:5174/routes/Arena.tsx?t=1770715799310:367
[  120797ms] Error: useAuth must be used within an AuthProvider
    at useAuth (http://localhost:5174/hooks/useAuth.tsx?t=1770714967836:135:11)
    at Layout (http://localhost:5174/components/Layout.tsx?t=1770714967836:113:31)
    at Object.react_stack_bottom_frame (http://localhost:5174/node_modules/.vite/deps/react-dom_client.js?v=b61a4f8a:18509:20)
    at renderWithHooks (http://localhost:5174/node_modules/.vite/deps/react-dom_client.js?v=b61a4f8a:5654:24)
    at updateFunctionComponent (http://localhost:5174/node_modules/.vite/deps/react-dom_client.js?v=b61a4f8a:7475:21)
    at beginWork (http://localhost:5174/node_modules/.vite/deps/react-dom_client.js?v=b61a4f8a:8525:20)
    at runWithFiberInDEV (http://localhost:5174/node_modules/.vite/deps/react-dom_client.js?v=b61a4f8a:997:72)
    at performUnitOfWork (http://localhost:5174/node_modules/.vite/deps/react-dom_client.js?v=b61a4f8a:12561:98)
    at workLoopSync (http://localhost:5174/node_modules/.vite/deps/react-dom_client.js?v=b61a4f8a:12424:43)
    at renderRootSync (http://localhost:5174/node_modules/.vite/deps/react-dom_client.js?v=b61a4f8a:12408:13)
[  120796ms] [WARNING] %s

%s
 An error occurred in the <Layout> component. Consider adding an error boundary to your tree to customize error handling behavior.
Visit https://react.dev/link/error-boundaries to learn more about error boundaries. @ http://localhost:5174/node_modules/.vite/deps/react-dom_client.js?v=b61a4f8a:6965
[  120849ms] [WARNING] WebSocket connection to 'ws://localhost:3001/ws' failed: WebSocket is closed before the connection is established. @ http://localhost:5174/routes/Arena.tsx?t=1770715799310:367
[  120865ms] [WARNING] WebSocket connection to 'ws://localhost:3001/ws' failed: WebSocket is closed before the connection is established. @ http://localhost:5174/routes/Arena.tsx?t=1770715799310:367
[  127249ms] Error: useAuth must be used within an AuthProvider
    at useAuth (http://localhost:5174/hooks/useAuth.tsx?t=1770715925873:135:11)
    at Layout (http://localhost:5174/components/Layout.tsx?t=1770715925873:113:31)
    at Object.react_stack_bottom_frame (http://localhost:5174/node_modules/.vite/deps/react-dom_client.js?v=b61a4f8a:18509:20)
    at renderWithHooks (http://localhost:5174/node_modules/.vite/deps/react-dom_client.js?v=b61a4f8a:5654:24)
    at updateFunctionComponent (http://localhost:5174/node_modules/.vite/deps/react-dom_client.js?v=b61a4f8a:7475:21)
    at beginWork (http://localhost:5174/node_modules/.vite/deps/react-dom_client.js?v=b61a4f8a:8525:20)
    at runWithFiberInDEV (http://localhost:5174/node_modules/.vite/deps/react-dom_client.js?v=b61a4f8a:997:72)
    at performUnitOfWork (http://localhost:5174/node_modules/.vite/deps/react-dom_client.js?v=b61a4f8a:12561:98)
    at workLoopSync (http://localhost:5174/node_modules/.vite/deps/react-dom_client.js?v=b61a4f8a:12424:43)
    at renderRootSync (http://localhost:5174/node_modules/.vite/deps/react-dom_client.js?v=b61a4f8a:12408:13)
[  127249ms] [WARNING] %s

%s
 An error occurred in the <Layout> component. Consider adding an error boundary to your tree to customize error handling behavior.
Visit https://react.dev/link/error-boundaries to learn more about error boundaries. @ http://localhost:5174/node_modules/.vite/deps/react-dom_client.js?v=b61a4f8a:6965
[  127317ms] [WARNING] WebSocket connection to 'ws://localhost:3001/ws' failed: WebSocket is closed before the connection is established. @ http://localhost:5174/routes/Arena.tsx?t=1770715799310:367
[  127325ms] [WARNING] WebSocket connection to 'ws://localhost:3001/ws' failed: WebSocket is closed before the connection is established. @ http://localhost:5174/routes/Arena.tsx?t=1770715799310:367
[  132187ms] Error: useAuth must be used within an AuthProvider
    at useAuth (http://localhost:5174/hooks/useAuth.tsx?t=1770715932347:135:11)
    at Layout (http://localhost:5174/components/Layout.tsx?t=1770715932347:113:31)
    at Object.react_stack_bottom_frame (http://localhost:5174/node_modules/.vite/deps/react-dom_client.js?v=b61a4f8a:18509:20)
    at renderWithHooks (http://localhost:5174/node_modules/.vite/deps/react-dom_client.js?v=b61a4f8a:5654:24)
    at updateFunctionComponent (http://localhost:5174/node_modules/.vite/deps/react-dom_client.js?v=b61a4f8a:7475:21)
    at beginWork (http://localhost:5174/node_modules/.vite/deps/react-dom_client.js?v=b61a4f8a:8525:20)
    at runWithFiberInDEV (http://localhost:5174/node_modules/.vite/deps/react-dom_client.js?v=b61a4f8a:997:72)
    at performUnitOfWork (http://localhost:5174/node_modules/.vite/deps/react-dom_client.js?v=b61a4f8a:12561:98)
    at workLoopSync (http://localhost:5174/node_modules/.vite/deps/react-dom_client.js?v=b61a4f8a:12424:43)
    at renderRootSync (http://localhost:5174/node_modules/.vite/deps/react-dom_client.js?v=b61a4f8a:12408:13)
[  132187ms] [WARNING] %s

%s
 An error occurred in the <Layout> component. Consider adding an error boundary to your tree to customize error handling behavior.
Visit https://react.dev/link/error-boundaries to learn more about error boundaries. @ http://localhost:5174/node_modules/.vite/deps/react-dom_client.js?v=b61a4f8a:6965
[  132260ms] [WARNING] WebSocket connection to 'ws://localhost:3001/ws' failed: WebSocket is closed before the connection is established. @ http://localhost:5174/routes/Arena.tsx?t=1770715799310:367
[  132268ms] [WARNING] WebSocket connection to 'ws://localhost:3001/ws' failed: WebSocket is closed before the connection is established. @ http://localhost:5174/routes/Arena.tsx?t=1770715799310:367
[  167033ms] [ERROR] Failed to fetch debate data: TypeError: Failed to fetch
    at ApiClient.request (http://localhost:5174/lib/api.ts?t=1770715937287:22:28)
    at ApiClient.getDebate (http://localhost:5174/lib/api.ts?t=1770715937287:103:17)
    at fetchDebateData (http://localhost:5174/routes/Arena.tsx?t=1770715968103:334:32)
    at http://localhost:5174/routes/Arena.tsx?t=1770715968103:399:10
    at Object.react_stack_bottom_frame (http://localhost:5174/node_modules/.vite/deps/react-dom_client.js?v=b61a4f8a:18567:20)
    at runWithFiberInDEV (http://localhost:5174/node_modules/.vite/deps/react-dom_client.js?v=b61a4f8a:997:72)
    at commitHookEffectListMount (http://localhost:5174/node_modules/.vite/deps/react-dom_client.js?v=b61a4f8a:9411:163)
    at commitHookPassiveMountEffects (http://localhost:5174/node_modules/.vite/deps/react-dom_client.js?v=b61a4f8a:9465:60)
    at commitPassiveMountOnFiber (http://localhost:5174/node_modules/.vite/deps/react-dom_client.js?v=b61a4f8a:11040:29)
    at recursivelyTraversePassiveMountEffects (http://localhost:5174/node_modules/.vite/deps/react-dom_client.js?v=b61a4f8a:11010:13) @ http://localhost:5174/routes/Arena.tsx?t=1770715968103:395
[  167055ms] [WARNING] Module "buffer" has been externalized for browser compatibility. Cannot access "buffer.Buffer" in client code. See https://vite.dev/guide/troubleshooting.html#module-externalized-for-browser-compatibility for more details. @ http://localhost:5174/node_modules/.vite/deps/chunk-4JDALLM7.js?v=e3f71bb4:1791
[  167083ms] [WARNING] WebSocket connection to 'ws://localhost:3001/ws' failed: WebSocket is closed before the connection is established. @ http://localhost:5174/routes/Arena.tsx?t=1770715968103:439
[  167091ms] [WARNING] WebSocket connection to 'ws://localhost:3001/ws' failed: WebSocket is closed before the connection is established. @ http://localhost:5174/routes/Arena.tsx?t=1770715968103:439
[  170349ms] [ERROR] Failed to fetch debate data: TypeError: Failed to fetch
    at ApiClient.request (http://localhost:5174/lib/api.ts?t=1770715937287:22:28)
    at ApiClient.getDebate (http://localhost:5174/lib/api.ts?t=1770715937287:103:17)
    at fetchDebateData (http://localhost:5174/routes/Arena.tsx?t=1770715968103:334:32)
    at http://localhost:5174/routes/Arena.tsx?t=1770715968103:399:10
    at Object.react_stack_bottom_frame (http://localhost:5174/node_modules/.vite/deps/react-dom_client.js?v=b61a4f8a:18567:20)
    at runWithFiberInDEV (http://localhost:5174/node_modules/.vite/deps/react-dom_client.js?v=b61a4f8a:997:72)
    at commitHookEffectListMount (http://localhost:5174/node_modules/.vite/deps/react-dom_client.js?v=b61a4f8a:9411:163)
    at commitHookPassiveMountEffects (http://localhost:5174/node_modules/.vite/deps/react-dom_client.js?v=b61a4f8a:9465:60)
    at reconnectPassiveEffects (http://localhost:5174/node_modules/.vite/deps/react-dom_client.js?v=b61a4f8a:11273:13)
    at recursivelyTraverseReconnectPassiveEffects (http://localhost:5174/node_modules/.vite/deps/react-dom_client.js?v=b61a4f8a:11240:11) @ http://localhost:5174/routes/Arena.tsx?t=1770715968103:395
[  170349ms] [ERROR] Failed to fetch debate data: TypeError: Failed to fetch
    at ApiClient.request (http://localhost:5174/lib/api.ts?t=1770715937287:22:28)
    at ApiClient.getDebate (http://localhost:5174/lib/api.ts?t=1770715937287:103:17)
    at fetchDebateData (http://localhost:5174/routes/Arena.tsx?t=1770715968103:334:32)
    at http://localhost:5174/routes/Arena.tsx?t=1770715968103:399:10
    at Object.react_stack_bottom_frame (http://localhost:5174/node_modules/.vite/deps/react-dom_client.js?v=b61a4f8a:18567:20)
    at runWithFiberInDEV (http://localhost:5174/node_modules/.vite/deps/react-dom_client.js?v=b61a4f8a:997:72)
    at commitHookEffectListMount (http://localhost:5174/node_modules/.vite/deps/react-dom_client.js?v=b61a4f8a:9411:163)
    at commitHookPassiveMountEffects (http://localhost:5174/node_modules/.vite/deps/react-dom_client.js?v=b61a4f8a:9465:60)
    at commitPassiveMountOnFiber (http://localhost:5174/node_modules/.vite/deps/react-dom_client.js?v=b61a4f8a:11040:29)
    at recursivelyTraversePassiveMountEffects (http://localhost:5174/node_modules/.vite/deps/react-dom_client.js?v=b61a4f8a:11010:13) @ http://localhost:5174/routes/Arena.tsx?t=1770715968103:395
[  170364ms] [WARNING] Module "buffer" has been externalized for browser compatibility. Cannot access "buffer.Buffer" in client code. See https://vite.dev/guide/troubleshooting.html#module-externalized-for-browser-compatibility for more details. @ http://localhost:5174/node_modules/.vite/deps/chunk-4JDALLM7.js?v=e3f71bb4:1791
[  170389ms] [WARNING] WebSocket connection to 'ws://localhost:3001/ws' failed: WebSocket is closed before the connection is established. @ http://localhost:5174/routes/Arena.tsx?t=1770715968103:439
[  170397ms] [WARNING] WebSocket connection to 'ws://localhost:3001/ws' failed: WebSocket is closed before the connection is established. @ http://localhost:5174/routes/Arena.tsx?t=1770715968103:439
[  191511ms] [ERROR] Failed to load resource: net::ERR_EMPTY_RESPONSE @ http://localhost:3001/api/debates/13:0
[  191512ms] [ERROR] Failed to fetch debate data: TypeError: Failed to fetch
    at ApiClient.request (http://localhost:5174/lib/api.ts?t=1770715937287:22:28)
    at ApiClient.getDebate (http://localhost:5174/lib/api.ts?t=1770715937287:103:17)
    at fetchDebateData (http://localhost:5174/routes/Arena.tsx?t=1770715968103:334:32)
    at http://localhost:5174/routes/Arena.tsx?t=1770715968103:399:10
    at Object.react_stack_bottom_frame (http://localhost:5174/node_modules/.vite/deps/react-dom_client.js?v=b61a4f8a:18567:20)
    at runWithFiberInDEV (http://localhost:5174/node_modules/.vite/deps/react-dom_client.js?v=b61a4f8a:997:72)
    at commitHookEffectListMount (http://localhost:5174/node_modules/.vite/deps/react-dom_client.js?v=b61a4f8a:9411:163)
    at commitHookPassiveMountEffects (http://localhost:5174/node_modules/.vite/deps/react-dom_client.js?v=b61a4f8a:9465:60)
    at reconnectPassiveEffects (http://localhost:5174/node_modules/.vite/deps/react-dom_client.js?v=b61a4f8a:11273:13)
    at recursivelyTraverseReconnectPassiveEffects (http://localhost:5174/node_modules/.vite/deps/react-dom_client.js?v=b61a4f8a:11240:11) @ http://localhost:5174/routes/Arena.tsx?t=1770715968103:395
[  191513ms] [ERROR] Failed to load resource: net::ERR_CONNECTION_REFUSED @ http://localhost:3001/api/debates/13:0
[  191513ms] [ERROR] Failed to fetch debate data: TypeError: Failed to fetch
    at ApiClient.request (http://localhost:5174/lib/api.ts?t=1770715937287:22:28)
    at ApiClient.getDebate (http://localhost:5174/lib/api.ts?t=1770715937287:103:17)
    at fetchDebateData (http://localhost:5174/routes/Arena.tsx?t=1770715968103:334:32)
    at http://localhost:5174/routes/Arena.tsx?t=1770715968103:399:10
    at Object.react_stack_bottom_frame (http://localhost:5174/node_modules/.vite/deps/react-dom_client.js?v=b61a4f8a:18567:20)
    at runWithFiberInDEV (http://localhost:5174/node_modules/.vite/deps/react-dom_client.js?v=b61a4f8a:997:72)
    at commitHookEffectListMount (http://localhost:5174/node_modules/.vite/deps/react-dom_client.js?v=b61a4f8a:9411:163)
    at commitHookPassiveMountEffects (http://localhost:5174/node_modules/.vite/deps/react-dom_client.js?v=b61a4f8a:9465:60)
    at commitPassiveMountOnFiber (http://localhost:5174/node_modules/.vite/deps/react-dom_client.js?v=b61a4f8a:11040:29)
    at recursivelyTraversePassiveMountEffects (http://localhost:5174/node_modules/.vite/deps/react-dom_client.js?v=b61a4f8a:11010:13) @ http://localhost:5174/routes/Arena.tsx?t=1770715968103:395
[  194116ms] [WARNING] Module "buffer" has been externalized for browser compatibility. Cannot access "buffer.Buffer" in client code. See https://vite.dev/guide/troubleshooting.html#module-externalized-for-browser-compatibility for more details. @ http://localhost:5174/node_modules/.vite/deps/chunk-4JDALLM7.js?v=e3f71bb4:1791
[  196751ms] [WARNING] WebSocket connection to 'ws://localhost:3001/ws' failed: WebSocket is closed before the connection is established. @ http://localhost:5174/routes/Arena.tsx?t=1770715968103:439
[  197784ms] [WARNING] Module "buffer" has been externalized for browser compatibility. Cannot access "buffer.Buffer" in client code. See https://vite.dev/guide/troubleshooting.html#module-externalized-for-browser-compatibility for more details. @ http://localhost:5174/node_modules/.vite/deps/chunk-4JDALLM7.js?v=e3f71bb4:1791
[  197808ms] [WARNING] WebSocket connection to 'ws://localhost:3001/ws' failed: WebSocket is closed before the connection is established. @ http://localhost:5174/routes/Arena.tsx?t=1770715968103:439
[  197815ms] [WARNING] WebSocket connection to 'ws://localhost:3001/ws' failed: WebSocket is closed before the connection is established. @ http://localhost:5174/routes/Arena.tsx?t=1770715968103:439
[  198698ms] [WARNING] Module "buffer" has been externalized for browser compatibility. Cannot access "buffer.Buffer" in client code. See https://vite.dev/guide/troubleshooting.html#module-externalized-for-browser-compatibility for more details. @ http://localhost:5174/node_modules/.vite/deps/chunk-4JDALLM7.js?v=e3f71bb4:1791
[  198726ms] [WARNING] WebSocket connection to 'ws://localhost:3001/ws' failed: WebSocket is closed before the connection is established. @ http://localhost:5174/routes/Arena.tsx?t=1770715968103:439
[  198733ms] [WARNING] WebSocket connection to 'ws://localhost:3001/ws' failed: WebSocket is closed before the connection is established. @ http://localhost:5174/routes/Arena.tsx?t=1770715968103:439
[  296040ms] [WARNING] WebSocket connection to 'ws://localhost:3001/ws' failed: WebSocket is closed before the connection is established. @ http://localhost:5174/routes/Arena.tsx?t=1770715968103:439
[  380273ms] [WARNING] Module "buffer" has been externalized for browser compatibility. Cannot access "buffer.Buffer" in client code. See https://vite.dev/guide/troubleshooting.html#module-externalized-for-browser-compatibility for more details. @ http://localhost:5174/node_modules/.vite/deps/chunk-4JDALLM7.js?v=e3f71bb4:1791
[  380307ms] [WARNING] WebSocket connection to 'ws://localhost:3001/ws' failed: WebSocket is closed before the connection is established. @ http://localhost:5174/routes/Arena.tsx?t=1770715968103:439
[  420532ms] [WARNING] Module "buffer" has been externalized for browser compatibility. Cannot access "buffer.Buffer" in client code. See https://vite.dev/guide/troubleshooting.html#module-externalized-for-browser-compatibility for more details. @ http://localhost:5174/node_modules/.vite/deps/chunk-4JDALLM7.js?v=e3f71bb4:1791
[  420566ms] [WARNING] WebSocket connection to 'ws://localhost:3001/ws' failed: WebSocket is closed before the connection is established. @ http://localhost:5174/routes/Arena.tsx?t=1770716193822:439
[  475520ms] [WARNING] Module "buffer" has been externalized for browser compatibility. Cannot access "buffer.Buffer" in client code. See https://vite.dev/guide/troubleshooting.html#module-externalized-for-browser-compatibility for more details. @ http://localhost:5174/node_modules/.vite/deps/chunk-4JDALLM7.js?v=e3f71bb4:1791
[  475549ms] [WARNING] WebSocket connection to 'ws://localhost:3001/ws' failed: WebSocket is closed before the connection is established. @ http://localhost:5174/routes/Arena.tsx?t=1770716273436:439
[  490130ms] [WARNING] Module "buffer" has been externalized for browser compatibility. Cannot access "buffer.Buffer" in client code. See https://vite.dev/guide/troubleshooting.html#module-externalized-for-browser-compatibility for more details. @ http://localhost:5174/node_modules/.vite/deps/chunk-4JDALLM7.js?v=e3f71bb4:1791
[  490158ms] [WARNING] WebSocket connection to 'ws://localhost:3001/ws' failed: WebSocket is closed before the connection is established. @ http://localhost:5174/routes/Arena.tsx?t=1770716273436:439
[21761840ms] [WARNING] Module "buffer" has been externalized for browser compatibility. Cannot access "buffer.Buffer" in client code. See https://vite.dev/guide/troubleshooting.html#module-externalized-for-browser-compatibility for more details. @ http://localhost:5174/node_modules/.vite/deps/chunk-4JDALLM7.js?v=e3f71bb4:1791
[21761875ms] [WARNING] WebSocket connection to 'ws://localhost:3001/ws' failed: WebSocket is closed before the connection is established. @ http://localhost:5174/routes/Arena.tsx?t=1770716273436:439
[21761944ms] [ERROR] [X1 Wallet] Error: User rejected the request. @ chrome-extension://kcfmcpdmlchhbikbogddmgopmjbflnae/provider.js:442
[21761944ms] [ERROR] [X1 Wallet] Connect failed: Error: User rejected the request.
    at handleSecureMessage (chrome-extension://kcfmcpdmlchhbikbogddmgopmjbflnae/provider.js:444:16)
    at _securePort.onmessage (chrome-extension://kcfmcpdmlchhbikbogddmgopmjbflnae/provider.js:68:11) @ chrome-extension://kcfmcpdmlchhbikbogddmgopmjbflnae/provider.js:752
[21761945ms] [ERROR] WalletAccountError
    at StandardWalletAdapter._StandardWalletAdapter_connect2 (http://localhost:5174/node_modules/.vite/deps/chunk-RBCYJ74J.js?v=e3f71bb4:5649:13)
    at async http://localhost:5174/node_modules/.vite/deps/chunk-RBCYJ74J.js?v=e3f71bb4:6388:11
    at async http://localhost:5174/node_modules/.vite/deps/chunk-RBCYJ74J.js?v=e3f71bb4:6219:9 StandardWalletAdapter @ http://localhost:5174/node_modules/.vite/deps/chunk-RBCYJ74J.js?v=e3f71bb4:6131
[21761951ms] [ERROR] [X1 Wallet] Error: User rejected the request. @ chrome-extension://kcfmcpdmlchhbikbogddmgopmjbflnae/provider.js:442
[21761951ms] [ERROR] [X1 Wallet] Connect failed: Error: User rejected the request.
    at handleSecureMessage (chrome-extension://kcfmcpdmlchhbikbogddmgopmjbflnae/provider.js:444:16)
    at _securePort.onmessage (chrome-extension://kcfmcpdmlchhbikbogddmgopmjbflnae/provider.js:68:11) @ chrome-extension://kcfmcpdmlchhbikbogddmgopmjbflnae/provider.js:752
[21761952ms] [ERROR] WalletAccountError
    at StandardWalletAdapter._StandardWalletAdapter_connect2 (http://localhost:5174/node_modules/.vite/deps/chunk-RBCYJ74J.js?v=e3f71bb4:5649:13)
    at async http://localhost:5174/node_modules/.vite/deps/chunk-RBCYJ74J.js?v=e3f71bb4:6388:11
    at async http://localhost:5174/node_modules/.vite/deps/chunk-RBCYJ74J.js?v=e3f71bb4:6219:9 StandardWalletAdapter @ http://localhost:5174/node_modules/.vite/deps/chunk-RBCYJ74J.js?v=e3f71bb4:6131
[22015531ms] [WARNING] Module "buffer" has been externalized for browser compatibility. Cannot access "buffer.Buffer" in client code. See https://vite.dev/guide/troubleshooting.html#module-externalized-for-browser-compatibility for more details. @ http://localhost:5174/node_modules/.vite/deps/chunk-4JDALLM7.js?v=e3f71bb4:1791
[22015565ms] [WARNING] WebSocket connection to 'ws://localhost:3001/ws' failed: WebSocket is closed before the connection is established. @ http://localhost:5174/routes/Arena.tsx?t=1770716273436:439
[22019748ms] [WARNING] Module "buffer" has been externalized for browser compatibility. Cannot access "buffer.Buffer" in client code. See https://vite.dev/guide/troubleshooting.html#module-externalized-for-browser-compatibility for more details. @ http://localhost:5174/node_modules/.vite/deps/chunk-4JDALLM7.js?v=e3f71bb4:1791
[22019776ms] [WARNING] WebSocket connection to 'ws://localhost:3001/ws' failed: WebSocket is closed before the connection is established. @ http://localhost:5174/routes/Arena.tsx?t=1770716273436:439
[22023330ms] [WARNING] Module "buffer" has been externalized for browser compatibility. Cannot access "buffer.Buffer" in client code. See https://vite.dev/guide/troubleshooting.html#module-externalized-for-browser-compatibility for more details. @ http://localhost:5174/node_modules/.vite/deps/chunk-4JDALLM7.js?v=e3f71bb4:1791
[22023358ms] [WARNING] WebSocket connection to 'ws://localhost:3001/ws' failed: WebSocket is closed before the connection is established. @ http://localhost:5174/routes/Arena.tsx?t=1770716273436:439
[22028905ms] [WARNING] Module "buffer" has been externalized for browser compatibility. Cannot access "buffer.Buffer" in client code. See https://vite.dev/guide/troubleshooting.html#module-externalized-for-browser-compatibility for more details. @ http://localhost:5174/node_modules/.vite/deps/chunk-4JDALLM7.js?v=e3f71bb4:1791
[22028936ms] [WARNING] WebSocket connection to 'ws://localhost:3001/ws' failed: WebSocket is closed before the connection is established. @ http://localhost:5174/routes/Arena.tsx?t=1770716273436:439
[22030854ms] [WARNING] Module "buffer" has been externalized for browser compatibility. Cannot access "buffer.Buffer" in client code. See https://vite.dev/guide/troubleshooting.html#module-externalized-for-browser-compatibility for more details. @ http://localhost:5174/node_modules/.vite/deps/chunk-4JDALLM7.js?v=e3f71bb4:1791
[22030878ms] [WARNING] WebSocket connection to 'ws://localhost:3001/ws' failed: WebSocket is closed before the connection is established. @ http://localhost:5174/routes/Arena.tsx?t=1770737835003:439
[22033441ms] [ERROR] WebSocket connection to 'ws://localhost:5174/' failed: Error in connection establishment: net::ERR_CONNECTION_REFUSED @ http://localhost:5174/@vite/client:1034
[22034442ms] [ERROR] WebSocket connection to 'ws://localhost:5174/' failed: Error in connection establishment: net::ERR_CONNECTION_REFUSED @ http://localhost:5174/@vite/client:1034
[22036539ms] [WARNING] Module "buffer" has been externalized for browser compatibility. Cannot access "buffer.Buffer" in client code. See https://vite.dev/guide/troubleshooting.html#module-externalized-for-browser-compatibility for more details. @ http://localhost:5174/node_modules/.vite/deps/chunk-4JDALLM7.js?v=b50abf27:1791
[22036580ms] [WARNING] WebSocket connection to 'ws://localhost:3001/ws' failed: WebSocket is closed before the connection is established. @ http://localhost:5174/routes/Arena.tsx:439
[22055228ms] [WARNING] Module "buffer" has been externalized for browser compatibility. Cannot access "buffer.Buffer" in client code. See https://vite.dev/guide/troubleshooting.html#module-externalized-for-browser-compatibility for more details. @ http://localhost:5174/node_modules/.vite/deps/chunk-4JDALLM7.js?v=b50abf27:1791
[22055272ms] [WARNING] WebSocket connection to 'ws://localhost:3001/ws' failed: WebSocket is closed before the connection is established. @ http://localhost:5174/routes/Arena.tsx?t=1770737857600:439
[22056996ms] [WARNING] Module "buffer" has been externalized for browser compatibility. Cannot access "buffer.Buffer" in client code. See https://vite.dev/guide/troubleshooting.html#module-externalized-for-browser-compatibility for more details. @ http://localhost:5174/node_modules/.vite/deps/chunk-4JDALLM7.js?v=b50abf27:1791
[22057019ms] [WARNING] WebSocket connection to 'ws://localhost:3001/ws' failed: WebSocket is closed before the connection is established. @ http://localhost:5174/routes/Arena.tsx?t=1770737861828:439
[22058385ms] [WARNING] Module "buffer" has been externalized for browser compatibility. Cannot access "buffer.Buffer" in client code. See https://vite.dev/guide/troubleshooting.html#module-externalized-for-browser-compatibility for more details. @ http://localhost:5174/node_modules/.vite/deps/chunk-4JDALLM7.js?v=b50abf27:1791
[22058409ms] [WARNING] WebSocket connection to 'ws://localhost:3001/ws' failed: WebSocket is closed before the connection is established. @ http://localhost:5174/routes/Arena.tsx?t=1770737861828:439
[22060770ms] [WARNING] Module "buffer" has been externalized for browser compatibility. Cannot access "buffer.Buffer" in client code. See https://vite.dev/guide/troubleshooting.html#module-externalized-for-browser-compatibility for more details. @ http://localhost:5174/node_modules/.vite/deps/chunk-4JDALLM7.js?v=b50abf27:1791
[22060797ms] [WARNING] WebSocket connection to 'ws://localhost:3001/ws' failed: WebSocket is closed before the connection is established. @ http://localhost:5174/routes/Arena.tsx?t=1770737861828:439
[22080844ms] [WARNING] Module "buffer" has been externalized for browser compatibility. Cannot access "buffer.Buffer" in client code. See https://vite.dev/guide/troubleshooting.html#module-externalized-for-browser-compatibility for more details. @ http://localhost:5174/node_modules/.vite/deps/chunk-4JDALLM7.js?v=b50abf27:1791
[22080869ms] [WARNING] WebSocket connection to 'ws://localhost:3001/ws' failed: WebSocket is closed before the connection is established. @ http://localhost:5174/routes/Arena.tsx?t=1770737861828:439
[22101691ms] [WARNING] Module "buffer" has been externalized for browser compatibility. Cannot access "buffer.Buffer" in client code. See https://vite.dev/guide/troubleshooting.html#module-externalized-for-browser-compatibility for more details. @ http://localhost:5174/node_modules/.vite/deps/chunk-4JDALLM7.js?v=b50abf27:1791
[22101724ms] [WARNING] WebSocket connection to 'ws://localhost:3001/ws' failed: WebSocket is closed before the connection is established. @ http://localhost:5174/routes/Arena.tsx?t=1770737861828:439
[22104025ms] [WARNING] Module "buffer" has been externalized for browser compatibility. Cannot access "buffer.Buffer" in client code. See https://vite.dev/guide/troubleshooting.html#module-externalized-for-browser-compatibility for more details. @ http://localhost:5174/node_modules/.vite/deps/chunk-4JDALLM7.js?v=b50abf27:1791
[22104051ms] [WARNING] WebSocket connection to 'ws://localhost:3001/ws' failed: WebSocket is closed before the connection is established. @ http://localhost:5174/routes/Arena.tsx?t=1770737861828:439
[22105526ms] [ERROR] WebSocket connection to 'ws://localhost:5174/' failed: Error in connection establishment: net::ERR_CONNECTION_REFUSED @ http://localhost:5174/@vite/client:1034
[22107204ms] [WARNING] Module "buffer" has been externalized for browser compatibility. Cannot access "buffer.Buffer" in client code. See https://vite.dev/guide/troubleshooting.html#module-externalized-for-browser-compatibility for more details. @ http://localhost:5174/node_modules/.vite/deps/chunk-4JDALLM7.js?v=b50abf27:1791
[22107247ms] [WARNING] WebSocket connection to 'ws://localhost:3001/ws' failed: WebSocket is closed before the connection is established. @ http://localhost:5174/routes/Arena.tsx:439
[22189492ms] [WARNING] Module "buffer" has been externalized for browser compatibility. Cannot access "buffer.Buffer" in client code. See https://vite.dev/guide/troubleshooting.html#module-externalized-for-browser-compatibility for more details. @ http://localhost:5174/node_modules/.vite/deps/chunk-4JDALLM7.js?v=b50abf27:1791
[22189523ms] [WARNING] WebSocket connection to 'ws://localhost:3001/ws' failed: WebSocket is closed before the connection is established. @ http://localhost:5174/routes/Arena.tsx:439
[22189906ms] [WARNING] Module "buffer" has been externalized for browser compatibility. Cannot access "buffer.Buffer" in client code. See https://vite.dev/guide/troubleshooting.html#module-externalized-for-browser-compatibility for more details. @ http://localhost:5174/node_modules/.vite/deps/chunk-4JDALLM7.js?v=b50abf27:1791
[22189935ms] [WARNING] WebSocket connection to 'ws://localhost:3001/ws' failed: WebSocket is closed before the connection is established. @ http://localhost:5174/routes/Arena.tsx:439
[22198791ms] [WARNING] Module "buffer" has been externalized for browser compatibility. Cannot access "buffer.Buffer" in client code. See https://vite.dev/guide/troubleshooting.html#module-externalized-for-browser-compatibility for more details. @ http://localhost:5174/node_modules/.vite/deps/chunk-4JDALLM7.js?v=b50abf27:1791
[22198817ms] [WARNING] WebSocket connection to 'ws://localhost:3001/ws' failed: WebSocket is closed before the connection is established. @ http://localhost:5174/routes/Arena.tsx?t=1770738002855:439
[22230025ms] [WARNING] Module "buffer" has been externalized for browser compatibility. Cannot access "buffer.Buffer" in client code. See https://vite.dev/guide/troubleshooting.html#module-externalized-for-browser-compatibility for more details. @ http://localhost:5174/node_modules/.vite/deps/chunk-4JDALLM7.js?v=b50abf27:1791
[22230051ms] [WARNING] WebSocket connection to 'ws://localhost:3001/ws' failed: WebSocket is closed before the connection is established. @ http://localhost:5174/routes/Arena.tsx?t=1770738014482:439
[22312084ms] [WARNING] Module "buffer" has been externalized for browser compatibility. Cannot access "buffer.Buffer" in client code. See https://vite.dev/guide/troubleshooting.html#module-externalized-for-browser-compatibility for more details. @ http://localhost:5174/node_modules/.vite/deps/chunk-4JDALLM7.js?v=b50abf27:1791
[22312117ms] [WARNING] WebSocket connection to 'ws://localhost:3001/ws' failed: WebSocket is closed before the connection is established. @ http://localhost:5174/routes/Arena.tsx?t=1770738014482:439
[22348308ms] [WARNING] Module "buffer" has been externalized for browser compatibility. Cannot access "buffer.Buffer" in client code. See https://vite.dev/guide/troubleshooting.html#module-externalized-for-browser-compatibility for more details. @ http://localhost:5174/node_modules/.vite/deps/chunk-4JDALLM7.js?v=b50abf27:1791
[22348361ms] [WARNING] WebSocket connection to 'ws://localhost:3001/ws' failed: WebSocket is closed before the connection is established. @ http://localhost:5174/routes/Arena.tsx?t=1770738134324:439
[22381528ms] [WARNING] Module "buffer" has been externalized for browser compatibility. Cannot access "buffer.Buffer" in client code. See https://vite.dev/guide/troubleshooting.html#module-externalized-for-browser-compatibility for more details. @ http://localhost:5174/node_modules/.vite/deps/chunk-4JDALLM7.js?v=b50abf27:1791
[22381554ms] [WARNING] WebSocket connection to 'ws://localhost:3001/ws' failed: WebSocket is closed before the connection is established. @ http://localhost:5174/routes/Arena.tsx?t=1770738134324:439
[22393585ms] [WARNING] Module "buffer" has been externalized for browser compatibility. Cannot access "buffer.Buffer" in client code. See https://vite.dev/guide/troubleshooting.html#module-externalized-for-browser-compatibility for more details. @ http://localhost:5174/node_modules/.vite/deps/chunk-4JDALLM7.js?v=b50abf27:1791
[22393610ms] [WARNING] WebSocket connection to 'ws://localhost:3001/ws' failed: WebSocket is closed before the connection is established. @ http://localhost:5174/routes/Arena.tsx?t=1770738198519:439
[22413301ms] [WARNING] Module "buffer" has been externalized for browser compatibility. Cannot access "buffer.Buffer" in client code. See https://vite.dev/guide/troubleshooting.html#module-externalized-for-browser-compatibility for more details. @ http://localhost:5174/node_modules/.vite/deps/chunk-4JDALLM7.js?v=b50abf27:1791
[22413328ms] [WARNING] WebSocket connection to 'ws://localhost:3001/ws' failed: WebSocket is closed before the connection is established. @ http://localhost:5174/routes/Arena.tsx?t=1770738203705:439
[22421461ms] [WARNING] WebSocket connection to 'ws://localhost:3001/ws' failed: WebSocket is closed before the connection is established. @ http://localhost:5174/routes/Arena.tsx?t=1770738203705:439
[22525323ms] [WARNING] Module "buffer" has been externalized for browser compatibility. Cannot access "buffer.Buffer" in client code. See https://vite.dev/guide/troubleshooting.html#module-externalized-for-browser-compatibility for more details. @ http://localhost:5174/node_modules/.vite/deps/chunk-4JDALLM7.js?v=b50abf27:1791
[22525367ms] [WARNING] WebSocket connection to 'ws://localhost:3001/ws' failed: WebSocket is closed before the connection is established. @ http://localhost:5174/routes/Arena.tsx?t=1770738203705:439
[22544769ms] [WARNING] Module "buffer" has been externalized for browser compatibility. Cannot access "buffer.Buffer" in client code. See https://vite.dev/guide/troubleshooting.html#module-externalized-for-browser-compatibility for more details. @ http://localhost:5174/node_modules/.vite/deps/chunk-4JDALLM7.js?v=b50abf27:1791
[22544803ms] [WARNING] WebSocket connection to 'ws://localhost:3001/ws' failed: WebSocket is closed before the connection is established. @ http://localhost:5174/routes/Arena.tsx?t=1770738203705:439
[22581178ms] [WARNING] Module "buffer" has been externalized for browser compatibility. Cannot access "buffer.Buffer" in client code. See https://vite.dev/guide/troubleshooting.html#module-externalized-for-browser-compatibility for more details. @ http://localhost:5174/node_modules/.vite/deps/chunk-4JDALLM7.js?v=b50abf27:1791
[22581214ms] [WARNING] WebSocket connection to 'ws://localhost:3001/ws' failed: WebSocket is closed before the connection is established. @ http://localhost:5174/routes/Arena.tsx?t=1770738203705:439
[22617714ms] [WARNING] Module "buffer" has been externalized for browser compatibility. Cannot access "buffer.Buffer" in client code. See https://vite.dev/guide/troubleshooting.html#module-externalized-for-browser-compatibility for more details. @ http://localhost:5174/node_modules/.vite/deps/chunk-4JDALLM7.js?v=b50abf27:1791
[22624770ms] [WARNING] WebSocket connection to 'ws://localhost:3001/ws' failed: WebSocket is closed before the connection is established. @ http://localhost:5174/routes/Arena.tsx?t=1770738407036:439
[22650173ms] [WARNING] Module "buffer" has been externalized for browser compatibility. Cannot access "buffer.Buffer" in client code. See https://vite.dev/guide/troubleshooting.html#module-externalized-for-browser-compatibility for more details. @ http://localhost:5174/node_modules/.vite/deps/chunk-4JDALLM7.js?v=b50abf27:1791
[22650201ms] [WARNING] WebSocket connection to 'ws://localhost:3001/ws' failed: WebSocket is closed before the connection is established. @ http://localhost:5174/routes/Arena.tsx?t=1770738407036:439
[22668860ms] [WARNING] WebSocket connection to 'ws://localhost:3001/ws' failed: WebSocket is closed before the connection is established. @ http://localhost:5174/routes/Arena.tsx?t=1770738471185:439
[22724768ms] [WARNING] Module "buffer" has been externalized for browser compatibility. Cannot access "buffer.Buffer" in client code. See https://vite.dev/guide/troubleshooting.html#module-externalized-for-browser-compatibility for more details. @ http://localhost:5174/node_modules/.vite/deps/chunk-4JDALLM7.js?v=b50abf27:1791
[22724800ms] [WARNING] WebSocket connection to 'ws://localhost:3001/ws' failed: WebSocket is closed before the connection is established. @ http://localhost:5174/routes/Arena.tsx?t=1770738529573:439
[22758388ms] [WARNING] Module "buffer" has been externalized for browser compatibility. Cannot access "buffer.Buffer" in client code. See https://vite.dev/guide/troubleshooting.html#module-externalized-for-browser-compatibility for more details. @ http://localhost:5174/node_modules/.vite/deps/chunk-4JDALLM7.js?v=b50abf27:1791
[22758417ms] [WARNING] WebSocket connection to 'ws://localhost:3001/ws' failed: WebSocket is closed before the connection is established. @ http://localhost:5174/routes/Arena.tsx?t=1770738529573:439
[22904325ms] [WARNING] Module "buffer" has been externalized for browser compatibility. Cannot access "buffer.Buffer" in client code. See https://vite.dev/guide/troubleshooting.html#module-externalized-for-browser-compatibility for more details. @ http://localhost:5174/node_modules/.vite/deps/chunk-4JDALLM7.js?v=b50abf27:1791
[23142279ms] [WARNING] Module "buffer" has been externalized for browser compatibility. Cannot access "buffer.Buffer" in client code. See https://vite.dev/guide/troubleshooting.html#module-externalized-for-browser-compatibility for more details. @ http://localhost:5174/node_modules/.vite/deps/chunk-4JDALLM7.js?v=b50abf27:1791
[23145417ms] [WARNING] Module "buffer" has been externalized for browser compatibility. Cannot access "buffer.Buffer" in client code. See https://vite.dev/guide/troubleshooting.html#module-externalized-for-browser-compatibility for more details. @ http://localhost:5174/node_modules/.vite/deps/chunk-4JDALLM7.js?v=b50abf27:1791
[23148566ms] [WARNING] Module "buffer" has been externalized for browser compatibility. Cannot access "buffer.Buffer" in client code. See https://vite.dev/guide/troubleshooting.html#module-externalized-for-browser-compatibility for more details. @ http://localhost:5174/node_modules/.vite/deps/chunk-4JDALLM7.js?v=b50abf27:1791
[23227526ms] [ERROR] [vite] SyntaxError: The requested module '/node_modules/.vite/deps/flowbite-react.js?v=107c2e74' does not provide an export named 'Flowbite' @ http://localhost:5174/@vite/client:881
[23227526ms] [ERROR] [vite] Failed to reload /App.tsx. This could be due to syntax errors or importing non-existent modules. (see errors above) @ http://localhost:5174/@vite/client:881
[23228033ms] The requested module '/node_modules/.vite/deps/flowbite-react.js?v=a6c3a1b9' does not provide an export named 'Flowbite'
[23316681ms] The requested module '/node_modules/.vite/deps/flowbite-react.js?v=a6c3a1b9' does not provide an export named 'Flowbite'
[23334872ms] The requested module '/node_modules/.vite/deps/flowbite-react.js?v=a6c3a1b9' does not provide an export named 'Flowbite'
[23337003ms] The requested module '/node_modules/.vite/deps/flowbite-react.js?v=a6c3a1b9' does not provide an export named 'Flowbite'
[23361418ms] The requested module '/node_modules/.vite/deps/flowbite-react.js?v=a6c3a1b9' does not provide an export named 'Flowbite'
[23365070ms] [ERROR] WebSocket connection to 'ws://localhost:5174/' failed: Error in connection establishment: net::ERR_CONNECTION_REFUSED @ http://localhost:5174/@vite/client:1034
[23367643ms] The requested module '/node_modules/.vite/deps/flowbite-react.js?v=7d5455ff' does not provide an export named 'Flowbite'
[23368990ms] The requested module '/node_modules/.vite/deps/flowbite-react.js?v=7d5455ff' does not provide an export named 'Flowbite'
[23369805ms] The requested module '/node_modules/.vite/deps/flowbite-react.js?v=7d5455ff' does not provide an export named 'Flowbite'
[23377033ms] The requested module '/node_modules/.vite/deps/flowbite-react.js?v=7d5455ff' does not provide an export named 'Flowbite'
[23380443ms] The requested module '/node_modules/.vite/deps/flowbite-react.js?v=7d5455ff' does not provide an export named 'Flowbite'
[23441260ms] The requested module '/node_modules/.vite/deps/flowbite-react.js?v=7d5455ff' does not provide an export named 'Flowbite'
[23589672ms] [WARNING] Module "buffer" has been externalized for browser compatibility. Cannot access "buffer.Buffer" in client code. See https://vite.dev/guide/troubleshooting.html#module-externalized-for-browser-compatibility for more details. @ http://localhost:5174/node_modules/.vite/deps/chunk-4JDALLM7.js?v=55d033c1:1791
[23603664ms] [WARNING] Module "buffer" has been externalized for browser compatibility. Cannot access "buffer.Buffer" in client code. See https://vite.dev/guide/troubleshooting.html#module-externalized-for-browser-compatibility for more details. @ http://localhost:5174/node_modules/.vite/deps/chunk-4JDALLM7.js?v=55d033c1:1791
[23656423ms] [WARNING] Module "buffer" has been externalized for browser compatibility. Cannot access "buffer.Buffer" in client code. See https://vite.dev/guide/troubleshooting.html#module-externalized-for-browser-compatibility for more details. @ http://localhost:5174/node_modules/.vite/deps/chunk-4JDALLM7.js?v=55d033c1:1791
[23683723ms] [WARNING] Module "buffer" has been externalized for browser compatibility. Cannot access "buffer.Buffer" in client code. See https://vite.dev/guide/troubleshooting.html#module-externalized-for-browser-compatibility for more details. @ http://localhost:5174/node_modules/.vite/deps/chunk-4JDALLM7.js?v=55d033c1:1791
[23684757ms] [WARNING] Module "buffer" has been externalized for browser compatibility. Cannot access "buffer.Buffer" in client code. See https://vite.dev/guide/troubleshooting.html#module-externalized-for-browser-compatibility for more details. @ http://localhost:5174/node_modules/.vite/deps/chunk-4JDALLM7.js?v=55d033c1:1791
[23687460ms] [WARNING] WebSocket connection to 'ws://localhost:3001/ws' failed: WebSocket is closed before the connection is established. @ http://localhost:5174/routes/Arena.tsx?t=1770739359291:439
[23688428ms] [WARNING] Module "buffer" has been externalized for browser compatibility. Cannot access "buffer.Buffer" in client code. See https://vite.dev/guide/troubleshooting.html#module-externalized-for-browser-compatibility for more details. @ http://localhost:5174/node_modules/.vite/deps/chunk-4JDALLM7.js?v=55d033c1:1791
[23688481ms] [WARNING] WebSocket connection to 'ws://localhost:3001/ws' failed: WebSocket is closed before the connection is established. @ http://localhost:5174/routes/Arena.tsx?t=1770739359291:439
[23935504ms] [WARNING] Module "buffer" has been externalized for browser compatibility. Cannot access "buffer.Buffer" in client code. See https://vite.dev/guide/troubleshooting.html#module-externalized-for-browser-compatibility for more details. @ http://localhost:5174/node_modules/.vite/deps/chunk-4JDALLM7.js?v=55d033c1:1791
[23940481ms] [WARNING] WebSocket connection to 'ws://localhost:3001/ws' failed: WebSocket is closed before the connection is established. @ http://localhost:5174/routes/Arena.tsx?t=1770739359291:439
[23941399ms] [WARNING] Module "buffer" has been externalized for browser compatibility. Cannot access "buffer.Buffer" in client code. See https://vite.dev/guide/troubleshooting.html#module-externalized-for-browser-compatibility for more details. @ http://localhost:5174/node_modules/.vite/deps/chunk-4JDALLM7.js?v=55d033c1:1791
[23941435ms] [WARNING] WebSocket connection to 'ws://localhost:3001/ws' failed: WebSocket is closed before the connection is established. @ http://localhost:5174/routes/Arena.tsx?t=1770739359291:439
[23946596ms] [ERROR] WebSocket connection to 'ws://localhost:5174/' failed: Error in connection establishment: net::ERR_CONNECTION_REFUSED @ http://localhost:5174/@vite/client:1034
[23949065ms] [WARNING] Module "buffer" has been externalized for browser compatibility. Cannot access "buffer.Buffer" in client code. See https://vite.dev/guide/troubleshooting.html#module-externalized-for-browser-compatibility for more details. @ http://localhost:5174/node_modules/.vite/deps/chunk-4JDALLM7.js?v=f79b39f8:1791
[23949110ms] [WARNING] WebSocket connection to 'ws://localhost:3001/ws' failed: WebSocket is closed before the connection is established. @ http://localhost:5174/routes/Arena.tsx:439
[23949318ms] [WARNING] Module "buffer" has been externalized for browser compatibility. Cannot access "buffer.Buffer" in client code. See https://vite.dev/guide/troubleshooting.html#module-externalized-for-browser-compatibility for more details. @ http://localhost:5174/node_modules/.vite/deps/chunk-4JDALLM7.js?v=f79b39f8:1791
[23949375ms] [WARNING] WebSocket connection to 'ws://localhost:3001/ws' failed: WebSocket is closed before the connection is established. @ http://localhost:5174/routes/Arena.tsx:439
[23951743ms] [WARNING] WebSocket connection to 'ws://localhost:3001/ws' failed: WebSocket is closed before the connection is established. @ http://localhost:5174/routes/Arena.tsx:439
[24230496ms] [WARNING] Module "buffer" has been externalized for browser compatibility. Cannot access "buffer.Buffer" in client code. See https://vite.dev/guide/troubleshooting.html#module-externalized-for-browser-compatibility for more details. @ http://localhost:5174/node_modules/.vite/deps/chunk-4JDALLM7.js?v=f79b39f8:1791
[24234938ms] [WARNING] Module "buffer" has been externalized for browser compatibility. Cannot access "buffer.Buffer" in client code. See https://vite.dev/guide/troubleshooting.html#module-externalized-for-browser-compatibility for more details. @ http://localhost:5174/node_modules/.vite/deps/chunk-4JDALLM7.js?v=f79b39f8:1791
[24294044ms] [WARNING] WebSocket connection to 'ws://localhost:3001/ws' failed: WebSocket is closed before the connection is established. @ http://localhost:5174/routes/Arena.tsx:439
[24294373ms] [WARNING] Module "buffer" has been externalized for browser compatibility. Cannot access "buffer.Buffer" in client code. See https://vite.dev/guide/troubleshooting.html#module-externalized-for-browser-compatibility for more details. @ http://localhost:5173/@fs/Users/nick/projects/ai-debates/node_modules/.vite/deps/chunk-6AW7ZTLG.js?v=9ff014b7:209
[24294396ms] [WARNING] No routes matched location "/debates"  @ http://localhost:5173/@fs/Users/nick/projects/ai-debates/node_modules/.vite/deps/react-router-dom.js?v=9ff014b7:637
[24294396ms] [WARNING] No routes matched location "/debates"  @ http://localhost:5173/@fs/Users/nick/projects/ai-debates/node_modules/.vite/deps/react-router-dom.js?v=9ff014b7:637
[24294961ms] [WARNING] Module "buffer" has been externalized for browser compatibility. Cannot access "buffer.Buffer" in client code. See https://vite.dev/guide/troubleshooting.html#module-externalized-for-browser-compatibility for more details. @ http://localhost:5174/node_modules/.vite/deps/chunk-4JDALLM7.js?v=f79b39f8:1791
[24294986ms] [WARNING] WebSocket connection to 'ws://localhost:3001/ws' failed: WebSocket is closed before the connection is established. @ http://localhost:5174/routes/Arena.tsx:439
[24297664ms] [WARNING] Module "buffer" has been externalized for browser compatibility. Cannot access "buffer.Buffer" in client code. See https://vite.dev/guide/troubleshooting.html#module-externalized-for-browser-compatibility for more details. @ http://localhost:5174/node_modules/.vite/deps/chunk-4JDALLM7.js?v=f79b39f8:1791
[24297695ms] [WARNING] WebSocket connection to 'ws://localhost:3001/ws' failed: WebSocket is closed before the connection is established. @ http://localhost:5174/routes/Arena.tsx:439
[24323420ms] [WARNING] Module "buffer" has been externalized for browser compatibility. Cannot access "buffer.Buffer" in client code. See https://vite.dev/guide/troubleshooting.html#module-externalized-for-browser-compatibility for more details. @ http://localhost:5174/node_modules/.vite/deps/chunk-4JDALLM7.js?v=f79b39f8:1791
[24324313ms] [WARNING] WebSocket connection to 'ws://localhost:3001/ws' failed: WebSocket is closed before the connection is established. @ http://localhost:5174/routes/Arena.tsx:439
[24334916ms] [WARNING] Module "buffer" has been externalized for browser compatibility. Cannot access "buffer.Buffer" in client code. See https://vite.dev/guide/troubleshooting.html#module-externalized-for-browser-compatibility for more details. @ http://localhost:5174/node_modules/.vite/deps/chunk-4JDALLM7.js?v=f79b39f8:1791
[24334960ms] [WARNING] WebSocket connection to 'ws://localhost:3001/ws' failed: WebSocket is closed before the connection is established. @ http://localhost:5174/routes/Arena.tsx:439
[24345221ms] [WARNING] Module "buffer" has been externalized for browser compatibility. Cannot access "buffer.Buffer" in client code. See https://vite.dev/guide/troubleshooting.html#module-externalized-for-browser-compatibility for more details. @ http://localhost:5174/node_modules/.vite/deps/chunk-4JDALLM7.js?v=f79b39f8:1791
[24345252ms] [WARNING] WebSocket connection to 'ws://localhost:3001/ws' failed: WebSocket is closed before the connection is established. @ http://localhost:5174/routes/Arena.tsx?t=1770740145985:439
[24348667ms] [WARNING] Module "buffer" has been externalized for browser compatibility. Cannot access "buffer.Buffer" in client code. See https://vite.dev/guide/troubleshooting.html#module-externalized-for-browser-compatibility for more details. @ http://localhost:5174/node_modules/.vite/deps/chunk-4JDALLM7.js?v=f79b39f8:1791
[24348698ms] [WARNING] WebSocket connection to 'ws://localhost:3001/ws' failed: WebSocket is closed before the connection is established. @ http://localhost:5174/routes/Arena.tsx?t=1770740145985:439
[24433260ms] [WARNING] WebSocket connection to 'ws://localhost:3001/ws' failed: WebSocket is closed before the connection is established. @ http://localhost:5174/routes/Arena.tsx?t=1770740210935:439
[24435013ms] [WARNING] Module "buffer" has been externalized for browser compatibility. Cannot access "buffer.Buffer" in client code. See https://vite.dev/guide/troubleshooting.html#module-externalized-for-browser-compatibility for more details. @ http://localhost:5174/node_modules/.vite/deps/chunk-4JDALLM7.js?v=f79b39f8:1791
[24435051ms] [WARNING] WebSocket connection to 'ws://localhost:3001/ws' failed: WebSocket is closed before the connection is established. @ http://localhost:5174/routes/Arena.tsx?t=1770740210935:439
[24448480ms] [WARNING] Module "buffer" has been externalized for browser compatibility. Cannot access "buffer.Buffer" in client code. See https://vite.dev/guide/troubleshooting.html#module-externalized-for-browser-compatibility for more details. @ http://localhost:5174/node_modules/.vite/deps/chunk-4JDALLM7.js?v=f79b39f8:1791
[24448519ms] [WARNING] WebSocket connection to 'ws://localhost:3001/ws' failed: WebSocket is closed before the connection is established. @ http://localhost:5174/routes/Arena.tsx?t=1770740210935:439
[24708023ms] [WARNING] Module "buffer" has been externalized for browser compatibility. Cannot access "buffer.Buffer" in client code. See https://vite.dev/guide/troubleshooting.html#module-externalized-for-browser-compatibility for more details. @ http://localhost:5174/node_modules/.vite/deps/chunk-4JDALLM7.js?v=f79b39f8:1791
[24708063ms] [WARNING] WebSocket connection to 'ws://localhost:3001/ws' failed: WebSocket is closed before the connection is established. @ http://localhost:5174/routes/Arena.tsx?t=1770740210935:439
[24893039ms] [WARNING] Module "buffer" has been externalized for browser compatibility. Cannot access "buffer.Buffer" in client code. See https://vite.dev/guide/troubleshooting.html#module-externalized-for-browser-compatibility for more details. @ http://localhost:5174/node_modules/.vite/deps/chunk-4JDALLM7.js?v=f79b39f8:1791
[24893096ms] [WARNING] WebSocket connection to 'ws://localhost:3001/ws' failed: WebSocket is closed before the connection is established. @ http://localhost:5174/routes/Arena.tsx?t=1770740210935:439
[24897386ms] [ERROR] WebSocket connection to 'ws://localhost:5174/' failed: Error in connection establishment: net::ERR_CONNECTION_REFUSED @ http://localhost:5174/@vite/client:1034
[24899885ms] [WARNING] Module "buffer" has been externalized for browser compatibility. Cannot access "buffer.Buffer" in client code. See https://vite.dev/guide/troubleshooting.html#module-externalized-for-browser-compatibility for more details. @ http://localhost:5174/node_modules/.vite/deps/chunk-4JDALLM7.js?v=f79b39f8:1791
[24899920ms] [WARNING] WebSocket connection to 'ws://localhost:3001/ws' failed: WebSocket is closed before the connection is established. @ http://localhost:5174/routes/Arena.tsx:439
